This is pdfTeX, Version 3.14159265-2.6-1.40.16 (MiKTeX 2.9 64-bit) (preloaded format=pdflatex 2015.10.29)  11 JAN 2016 16:06
entering extended mode
**DetailedDesign.tex
(DetailedDesign.tex
LaTeX2e <2015/01/01> patch level 2
Babel <3.9m> and hyphenation patterns for 69 languages loaded.
("C:\Program Files\LaTeX\tex\latex\base\article.cls"
Document Class: article 2014/09/29 v1.4h Standard LaTeX document class
("C:\Program Files\LaTeX\tex\latex\base\size12.clo"
File: size12.clo 2014/09/29 v1.4h Standard LaTeX file (size option)
)
\c@part=\count79
\c@section=\count80
\c@subsection=\count81
\c@subsubsection=\count82
\c@paragraph=\count83
\c@subparagraph=\count84
\c@figure=\count85
\c@table=\count86
\abovecaptionskip=\skip41
\belowcaptionskip=\skip42
\bibindent=\dimen102
)
("C:\Program Files\LaTeX\tex\latex\xcolor\xcolor.sty"
Package: xcolor 2007/01/21 v2.11 LaTeX color extensions (UK)

("C:\Program Files\LaTeX\tex\latex\00miktex\color.cfg"
File: color.cfg 2007/01/18 v1.5 color configuration of teTeX/TeXLive
)
Package xcolor Info: Driver file: pdftex.def on input line 225.

("C:\Program Files\LaTeX\tex\latex\pdftex-def\pdftex.def"
File: pdftex.def 2011/05/27 v0.06d Graphics/color for pdfTeX

("C:\Program Files\LaTeX\tex\generic\oberdiek\infwarerr.sty"
Package: infwarerr 2010/04/08 v1.3 Providing info/warning/error messages (HO)
)
("C:\Program Files\LaTeX\tex\generic\oberdiek\ltxcmds.sty"
Package: ltxcmds 2011/11/09 v1.22 LaTeX kernel commands for general use (HO)
)
\Gread@gobject=\count87
)
Package xcolor Info: Model `cmy' substituted by `cmy0' on input line 1337.
Package xcolor Info: Model `hsb' substituted by `rgb' on input line 1341.
Package xcolor Info: Model `RGB' extended on input line 1353.
Package xcolor Info: Model `HTML' substituted by `rgb' on input line 1355.
Package xcolor Info: Model `Hsb' substituted by `hsb' on input line 1356.
Package xcolor Info: Model `tHsb' substituted by `hsb' on input line 1357.
Package xcolor Info: Model `HSB' substituted by `hsb' on input line 1358.
Package xcolor Info: Model `Gray' substituted by `gray' on input line 1359.
Package xcolor Info: Model `wave' substituted by `hsb' on input line 1360.
)
("C:\Program Files\LaTeX\tex\latex\float\float.sty"
Package: float 2001/11/08 v1.3d Float enhancements (AL)
\c@float@type=\count88
\float@exts=\toks14
\float@box=\box26
\@float@everytoks=\toks15
\@floatcapt=\box27
)
("C:\Program Files\LaTeX\tex\latex\caption\caption.sty"
Package: caption 2015/09/17 v3.3-111 Customizing captions (AR)

("C:\Program Files\LaTeX\tex\latex\caption\caption3.sty"
Package: caption3 2015/09/20 v1.7-115 caption3 kernel (AR)
Package caption3 Info: TeX engine: e-TeX on input line 57.

("C:\Program Files\LaTeX\tex\latex\graphics\keyval.sty"
Package: keyval 2014/10/28 v1.15 key=value parser (DPC)
\KV@toks@=\toks16
)
\captionmargin=\dimen103
\captionmargin@=\dimen104
\captionwidth=\dimen105
\caption@tempdima=\dimen106
\caption@indent=\dimen107
\caption@parindent=\dimen108
\caption@hangindent=\dimen109
)
\c@ContinuedFloat=\count89
Package caption Info: float package is loaded.
)
("C:\Program Files\LaTeX\tex\latex\graphics\graphicx.sty"
Package: graphicx 2014/10/28 v1.0g Enhanced LaTeX Graphics (DPC,SPQR)

("C:\Program Files\LaTeX\tex\latex\graphics\graphics.sty"
Package: graphics 2014/10/28 v1.0p Standard LaTeX Graphics (DPC,SPQR)

("C:\Program Files\LaTeX\tex\latex\graphics\trig.sty"
Package: trig 1999/03/16 v1.09 sin cos tan (DPC)
)
("C:\Program Files\LaTeX\tex\latex\00miktex\graphics.cfg"
File: graphics.cfg 2007/01/18 v1.5 graphics configuration of teTeX/TeXLive
)
Package graphics Info: Driver file: pdftex.def on input line 94.
)
\Gin@req@height=\dimen110
\Gin@req@width=\dimen111
)
(DetailedDesign.aux)
LaTeX Font Info:    Checking defaults for OML/cmm/m/it on input line 24.
LaTeX Font Info:    ... okay on input line 24.
LaTeX Font Info:    Checking defaults for T1/cmr/m/n on input line 24.
LaTeX Font Info:    ... okay on input line 24.
LaTeX Font Info:    Checking defaults for OT1/cmr/m/n on input line 24.
LaTeX Font Info:    ... okay on input line 24.
LaTeX Font Info:    Checking defaults for OMS/cmsy/m/n on input line 24.
LaTeX Font Info:    ... okay on input line 24.
LaTeX Font Info:    Checking defaults for OMX/cmex/m/n on input line 24.
LaTeX Font Info:    ... okay on input line 24.
LaTeX Font Info:    Checking defaults for U/cmr/m/n on input line 24.
LaTeX Font Info:    ... okay on input line 24.
 ("C:\Program Files\LaTeX\tex\context\base\supp-pdf.mkii"
[Loading MPS to PDF converter (version 2006.09.02).]
\scratchcounter=\count90
\scratchdimen=\dimen112
\scratchbox=\box28
\nofMPsegments=\count91
\nofMParguments=\count92
\everyMPshowfont=\toks17
\MPscratchCnt=\count93
\MPscratchDim=\dimen113
\MPnumerator=\count94
\makeMPintoPDFobject=\count95
\everyMPtoPDFconversion=\toks18
)
Package caption Info: Begin \AtBeginDocument code.
Package caption Info: End \AtBeginDocument code.
LaTeX Font Info:    External font `cmex10' loaded for size
(Font)              <14.4> on input line 29.
LaTeX Font Info:    External font `cmex10' loaded for size
(Font)              <7> on input line 29.
 [1

{C:/Users/Shan/AppData/Local/MiKTeX/2.9/pdftex/config/pdftex.map}]
(DetailedDesign.toc
LaTeX Font Info:    External font `cmex10' loaded for size
(Font)              <12> on input line 2.
LaTeX Font Info:    External font `cmex10' loaded for size
(Font)              <8> on input line 2.
LaTeX Font Info:    External font `cmex10' loaded for size
(Font)              <6> on input line 2.
 [1])
\tf@toc=\write3
 (DetailedDesign.lof)
\tf@lof=\write4
 (DetailedDesign.lot)
\tf@lot=\write5
 [2] [3]
<Images/camera.png, id=17, 653.44125pt x 130.4875pt>
File: Images/camera.png Graphic file (type png)
 <use Images/camera.png>
Package pdftex.def Info: Images/camera.png used on input line 77.
(pdftex.def)             Requested size: 326.71982pt x 65.24358pt.

Overfull \hbox (54.41553pt too wide) in paragraph at lines 77--78
[][] 
 []

<Images/stripe.png, id=18, 626.34pt x 298.11375pt>
File: Images/stripe.png Graphic file (type png)
 <use Images/stripe.png>
Package pdftex.def Info: Images/stripe.png used on input line 82.
(pdftex.def)             Requested size: 313.16922pt x 149.0565pt.

Overfull \hbox (54.43352pt too wide) in paragraph at lines 82--83
[][] 
 []

[4 <./Images/camera.png>]
<Images/parser.png, id=22, 392.46625pt x 233.87375pt>
File: Images/parser.png Graphic file (type png)
 <use Images/parser.png>
Package pdftex.def Info: Images/parser.png used on input line 90.
(pdftex.def)             Requested size: 196.23264pt x 116.93657pt.

Overfull \hbox (54.44337pt too wide) in paragraph at lines 90--91
[][] 
 []

[5 <./Images/stripe.png>] [6 <./Images/parser.png>]
Missing character: There is no ‚ in font cmr12!
Missing character: There is no Ä in font cmr12!
Missing character: There is no ô in font cmr12!

<Images/createDatabase.png, id=30, 537.00626pt x 125.46875pt>
File: Images/createDatabase.png Graphic file (type png)

<use Images/createDatabase.png>
Package pdftex.def Info: Images/createDatabase.png used on input line 121.
(pdftex.def)             Requested size: 268.50247pt x 62.7342pt.

Overfull \hbox (54.41985pt too wide) in paragraph at lines 121--122
[][] 
 []

<Images/accessdatabase.png, id=31, 433.62pt x 86.3225pt>
File: Images/accessdatabase.png Graphic file (type png)

<use Images/accessdatabase.png>
Package pdftex.def Info: Images/accessdatabase.png used on input line 126.
(pdftex.def)             Requested size: 216.80946pt x 43.16113pt.

Overfull \hbox (54.46844pt too wide) in paragraph at lines 126--127
[][] 
 []

[7 <./Images/createDatabase.png> <./Images/accessdatabase.png>]
<Images/replications.png, id=35, 588.1975pt x 344.28625pt>
File: Images/replications.png Graphic file (type png)

<use Images/replications.png>
Package pdftex.def Info: Images/replications.png used on input line 131.
(pdftex.def)             Requested size: 294.09802pt x 172.1427pt.

Overfull \hbox (54.42056pt too wide) in paragraph at lines 131--132
[][] 
 []

Missing character: There is no ‚ in font cmr12!
Missing character: There is no Ä in font cmr12!
Missing character: There is no ú in font cmr12!
Missing character: There is no ‚ in font cmr12!
Missing character: There is no Ä in font cmr12!
Missing character: There is no ù in font cmr12!
Missing character: There is no ‚ in font cmr12!
Missing character: There is no Ä in font cmr12!
Missing character: There is no ô in font cmr12!
<Images/jsonCouchbase.png, id=36, 582.175pt x 344.28625pt>
File: Images/jsonCouchbase.png Graphic file (type png)

<use Images/jsonCouchbase.png>
Package pdftex.def Info: Images/jsonCouchbase.png used on input line 137.
(pdftex.def)             Requested size: 291.08679pt x 172.1427pt.

Overfull \hbox (54.44788pt too wide) in paragraph at lines 137--138
[][] 
 []

[8 <./Images/replications.png>]
<Images/error.png, id=40, 580.1675pt x 173.64874pt>
File: Images/error.png Graphic file (type png)
 <use Images/error.png>
Package pdftex.def Info: Images/error.png used on input line 143.
(pdftex.def)             Requested size: 290.08302pt x 86.82416pt.

Overfull \hbox (54.44557pt too wide) in paragraph at lines 143--144
[][] 
 []

[9 <./Images/jsonCouchbase.png>]
LaTeX Font Info:    Try loading font information for OMS+cmr on input line 155.


("C:\Program Files\LaTeX\tex\latex\base\omscmr.fd"
File: omscmr.fd 2014/09/29 v2.5h Standard LaTeX font definitions
)
LaTeX Font Info:    Font shape `OMS/cmr/m/n' in size <12> not available
(Font)              Font shape `OMS/cmsy/m/n' tried instead on input line 155.

<Images/JSONdata.png, id=44, 381.425pt x 517.935pt>
File: Images/JSONdata.png Graphic file (type png)
 <use Images/JSONdata.png>
Package pdftex.def Info: Images/JSONdata.png used on input line 164.
(pdftex.def)             Requested size: 190.71202pt x 258.96686pt.

[10 <./Images/error.png>]
Overfull \hbox (54.46867pt too wide) in paragraph at lines 164--165
[][] 
 []

[11]
Overfull \vbox (31.10904pt too high) has occurred while \output is active []


[12 <./Images/JSONdata.png>]
<Images/MenuCategories.png, id=56, 338.26375pt x 556.0775pt>
File: Images/MenuCategories.png Graphic file (type png)

<use Images/MenuCategories.png>
Package pdftex.def Info: Images/MenuCategories.png used on input line 175.
(pdftex.def)             Requested size: 169.13145pt x 278.03807pt.

<Images/CategoryItems.png, id=58, 283.0575pt x 501.875pt>
File: Images/CategoryItems.png Graphic file (type png)

<use Images/CategoryItems.png>
Package pdftex.def Info: Images/CategoryItems.png used on input line 182.
(pdftex.def)             Requested size: 141.5284pt x 250.93687pt.
 [13 <./Images/MenuCategories.png>]
<Images/OrderSummary.png, id=63, 456.70625pt x 798.985pt>
File: Images/OrderSummary.png Graphic file (type png)

<use Images/OrderSummary.png>
Package pdftex.def Info: Images/OrderSummary.png used on input line 189.
(pdftex.def)             Requested size: 228.35255pt x 399.49152pt.
 [14 <./Images/CategoryItems.png>]
<Images/UIProcess.png, id=68, 774.895pt x 370.38374pt>
File: Images/UIProcess.png Graphic file (type png)

<use Images/UIProcess.png>
Package pdftex.def Info: Images/UIProcess.png used on input line 196.
(pdftex.def)             Requested size: 387.44655pt x 185.1914pt.

Overfull \hbox (139.78426pt too wide) in paragraph at lines 196--197
[][] 
 []

[15 <./Images/OrderSummary.png>]
Missing character: There is no ‚ in font cmr12!
Missing character: There is no Ä in font cmr12!
Missing character: There is no ô in font cmr12!

Overfull \hbox (73.54208pt too wide) in paragraph at lines 206--217
 [] 
 []

Missing character: There is no ‚ in font cmr12!
Missing character: There is no Ä in font cmr12!
Missing character: There is no ú in font cmr12!
Missing character: There is no ‚ in font cmr12!
Missing character: There is no Ä in font cmr12!
Missing character: There is no ù in font cmr12!
[16 <./Images/UIProcess.png>]
Overfull \hbox (66.1191pt too wide) in paragraph at lines 225--232
 [] 
 []


Overfull \hbox (66.1191pt too wide) in paragraph at lines 238--245
 [] 
 []


Overfull \hbox (66.1191pt too wide) in paragraph at lines 251--258
 [] 
 []

[17]
Overfull \hbox (67.66714pt too wide) in paragraph at lines 265--274
 [] 
 []


Overfull \hbox (66.1191pt too wide) in paragraph at lines 279--287
 [] 
 []


Underfull \hbox (badness 6893) in paragraph at lines 296--296
[]\OT1/cmr/m/n/12 Toaster dis-played read-ing "in-valid
 []


Underfull \hbox (badness 4013) in paragraph at lines 297--298
[]\OT1/cmr/m/n/12 Application tran-si-tions to pre-vi-ous
 []


Overfull \hbox (67.2141pt too wide) in paragraph at lines 292--300
 [] 
 []

[18] (DetailedDesign.aux) ) 
Here is how much of TeX's memory you used:
 2806 strings out of 493673
 41554 string characters out of 3145987
 107377 words of memory out of 3000000
 6154 multiletter control sequences out of 15000+200000
 8808 words of font info for 31 fonts, out of 3000000 for 9000
 1025 hyphenation exceptions out of 8191
 36i,8n,38p,797b,276s stack positions out of 5000i,500n,10000p,200000b,50000s
<C:/Program Files/LaTeX/fonts/type1/public/amsfonts/
cm/cmbx12.pfb><C:/Program Files/LaTeX/fonts/type1/public/amsfonts/cm/cmr12.pfb>
<C:/Program Files/LaTeX/fonts/type1/public/amsfonts/cm/cmr17.pfb><C:/Program Fi
les/LaTeX/fonts/type1/public/amsfonts/cm/cmsy10.pfb>
Output written on DetailedDesign.pdf (19 pages, 828262 bytes).
PDF statistics:
 96 PDF objects out of 1000 (max. 8388607)
 0 named destinations out of 1000 (max. 500000)
 66 words of extra memory for PDF output out of 10000 (max. 10000000)

