This is pdfTeX, Version 3.1415926-2.5-1.40.14 (TeX Live 2013) (format=pdflatex 2013.5.30)  11 JAN 2016 16:17
entering extended mode
 restricted \write18 enabled.
 %&-line parsing enabled.
**DetailedDesign.tex
(./DetailedDesign.tex
LaTeX2e <2011/06/27>
Babel <3.9f> and hyphenation patterns for 78 languages loaded.
(/usr/local/texlive/2013/texmf-dist/tex/latex/base/article.cls
Document Class: article 2007/10/19 v1.4h Standard LaTeX document class
(/usr/local/texlive/2013/texmf-dist/tex/latex/base/size12.clo
File: size12.clo 2007/10/19 v1.4h Standard LaTeX file (size option)
)
\c@part=\count79
\c@section=\count80
\c@subsection=\count81
\c@subsubsection=\count82
\c@paragraph=\count83
\c@subparagraph=\count84
\c@figure=\count85
\c@table=\count86
\abovecaptionskip=\skip41
\belowcaptionskip=\skip42
\bibindent=\dimen102
)
(/usr/local/texlive/2013/texmf-dist/tex/latex/xcolor/xcolor.sty
Package: xcolor 2007/01/21 v2.11 LaTeX color extensions (UK)

(/usr/local/texlive/2013/texmf-dist/tex/latex/latexconfig/color.cfg
File: color.cfg 2007/01/18 v1.5 color configuration of teTeX/TeXLive
)
Package xcolor Info: Driver file: pdftex.def on input line 225.

(/usr/local/texlive/2013/texmf-dist/tex/latex/pdftex-def/pdftex.def
File: pdftex.def 2011/05/27 v0.06d Graphics/color for pdfTeX

(/usr/local/texlive/2013/texmf-dist/tex/generic/oberdiek/infwarerr.sty
Package: infwarerr 2010/04/08 v1.3 Providing info/warning/error messages (HO)
)
(/usr/local/texlive/2013/texmf-dist/tex/generic/oberdiek/ltxcmds.sty
Package: ltxcmds 2011/11/09 v1.22 LaTeX kernel commands for general use (HO)
)
\Gread@gobject=\count87
)
Package xcolor Info: Model `cmy' substituted by `cmy0' on input line 1337.
Package xcolor Info: Model `hsb' substituted by `rgb' on input line 1341.
Package xcolor Info: Model `RGB' extended on input line 1353.
Package xcolor Info: Model `HTML' substituted by `rgb' on input line 1355.
Package xcolor Info: Model `Hsb' substituted by `hsb' on input line 1356.
Package xcolor Info: Model `tHsb' substituted by `hsb' on input line 1357.
Package xcolor Info: Model `HSB' substituted by `hsb' on input line 1358.
Package xcolor Info: Model `Gray' substituted by `gray' on input line 1359.
Package xcolor Info: Model `wave' substituted by `hsb' on input line 1360.
)
(/usr/local/texlive/2013/texmf-dist/tex/latex/float/float.sty
Package: float 2001/11/08 v1.3d Float enhancements (AL)
\c@float@type=\count88
\float@exts=\toks14
\float@box=\box26
\@float@everytoks=\toks15
\@floatcapt=\box27
)
(/usr/local/texlive/2013/texmf-dist/tex/latex/caption/caption.sty
Package: caption 2013/05/02 v3.3-89 Customizing captions (AR)

(/usr/local/texlive/2013/texmf-dist/tex/latex/caption/caption3.sty
Package: caption3 2013/05/02 v1.6-88 caption3 kernel (AR)
Package caption3 Info: TeX engine: e-TeX on input line 57.

(/usr/local/texlive/2013/texmf-dist/tex/latex/graphics/keyval.sty
Package: keyval 1999/03/16 v1.13 key=value parser (DPC)
\KV@toks@=\toks16
)
\captionmargin=\dimen103
\captionmargin@=\dimen104
\captionwidth=\dimen105
\caption@tempdima=\dimen106
\caption@indent=\dimen107
\caption@parindent=\dimen108
\caption@hangindent=\dimen109
)
\c@ContinuedFloat=\count89
Package caption Info: float package is loaded.
)
(/usr/local/texlive/2013/texmf-dist/tex/latex/graphics/graphicx.sty
Package: graphicx 1999/02/16 v1.0f Enhanced LaTeX Graphics (DPC,SPQR)

(/usr/local/texlive/2013/texmf-dist/tex/latex/graphics/graphics.sty
Package: graphics 2009/02/05 v1.0o Standard LaTeX Graphics (DPC,SPQR)

(/usr/local/texlive/2013/texmf-dist/tex/latex/graphics/trig.sty
Package: trig 1999/03/16 v1.09 sin cos tan (DPC)
)
(/usr/local/texlive/2013/texmf-dist/tex/latex/latexconfig/graphics.cfg
File: graphics.cfg 2010/04/23 v1.9 graphics configuration of TeX Live
)
Package graphics Info: Driver file: pdftex.def on input line 91.
)
\Gin@req@height=\dimen110
\Gin@req@width=\dimen111
)
(./DetailedDesign.aux)
\openout1 = `DetailedDesign.aux'.

LaTeX Font Info:    Checking defaults for OML/cmm/m/it on input line 24.
LaTeX Font Info:    ... okay on input line 24.
LaTeX Font Info:    Checking defaults for T1/cmr/m/n on input line 24.
LaTeX Font Info:    ... okay on input line 24.
LaTeX Font Info:    Checking defaults for OT1/cmr/m/n on input line 24.
LaTeX Font Info:    ... okay on input line 24.
LaTeX Font Info:    Checking defaults for OMS/cmsy/m/n on input line 24.
LaTeX Font Info:    ... okay on input line 24.
LaTeX Font Info:    Checking defaults for OMX/cmex/m/n on input line 24.
LaTeX Font Info:    ... okay on input line 24.
LaTeX Font Info:    Checking defaults for U/cmr/m/n on input line 24.
LaTeX Font Info:    ... okay on input line 24.

(/usr/local/texlive/2013/texmf-dist/tex/context/base/supp-pdf.mkii
[Loading MPS to PDF converter (version 2006.09.02).]
\scratchcounter=\count90
\scratchdimen=\dimen112
\scratchbox=\box28
\nofMPsegments=\count91
\nofMParguments=\count92
\everyMPshowfont=\toks17
\MPscratchCnt=\count93
\MPscratchDim=\dimen113
\MPnumerator=\count94
\makeMPintoPDFobject=\count95
\everyMPtoPDFconversion=\toks18
)
Package caption Info: Begin \AtBeginDocument code.
Package caption Info: End \AtBeginDocument code.
 (/usr/local/texlive/2013/texmf-dist/tex/generic/oberdiek/pdftexcmds.sty
Package: pdftexcmds 2011/11/29 v0.20 Utility functions of pdfTeX for LuaTeX (HO
)

(/usr/local/texlive/2013/texmf-dist/tex/generic/oberdiek/ifluatex.sty
Package: ifluatex 2010/03/01 v1.3 Provides the ifluatex switch (HO)
Package ifluatex Info: LuaTeX not detected.
)
(/usr/local/texlive/2013/texmf-dist/tex/generic/oberdiek/ifpdf.sty
Package: ifpdf 2011/01/30 v2.3 Provides the ifpdf switch (HO)
Package ifpdf Info: pdfTeX in PDF mode is detected.
)
Package pdftexcmds Info: LuaTeX not detected.
Package pdftexcmds Info: \pdf@primitive is available.
Package pdftexcmds Info: \pdf@ifprimitive is available.
Package pdftexcmds Info: \pdfdraftmode found.
)
(/usr/local/texlive/2013/texmf-dist/tex/latex/oberdiek/epstopdf-base.sty
Package: epstopdf-base 2010/02/09 v2.5 Base part for package epstopdf

(/usr/local/texlive/2013/texmf-dist/tex/latex/oberdiek/grfext.sty
Package: grfext 2010/08/19 v1.1 Manage graphics extensions (HO)

(/usr/local/texlive/2013/texmf-dist/tex/generic/oberdiek/kvdefinekeys.sty
Package: kvdefinekeys 2011/04/07 v1.3 Define keys (HO)
))
(/usr/local/texlive/2013/texmf-dist/tex/latex/oberdiek/kvoptions.sty
Package: kvoptions 2011/06/30 v3.11 Key value format for package options (HO)

(/usr/local/texlive/2013/texmf-dist/tex/generic/oberdiek/kvsetkeys.sty
Package: kvsetkeys 2012/04/25 v1.16 Key value parser (HO)

(/usr/local/texlive/2013/texmf-dist/tex/generic/oberdiek/etexcmds.sty
Package: etexcmds 2011/02/16 v1.5 Avoid name clashes with e-TeX commands (HO)
Package etexcmds Info: Could not find \expanded.
(etexcmds)             That can mean that you are not using pdfTeX 1.50 or
(etexcmds)             that some package has redefined \expanded.
(etexcmds)             In the latter case, load this package earlier.
)))
Package grfext Info: Graphics extension search list:
(grfext)             [.png,.pdf,.jpg,.mps,.jpeg,.jbig2,.jb2,.PNG,.PDF,.JPG,.JPE
G,.JBIG2,.JB2,.eps]
(grfext)             \AppendGraphicsExtensions on input line 452.

(/usr/local/texlive/2013/texmf-dist/tex/latex/latexconfig/epstopdf-sys.cfg
File: epstopdf-sys.cfg 2010/07/13 v1.3 Configuration of (r)epstopdf for TeX Liv
e
))
LaTeX Font Info:    External font `cmex10' loaded for size
(Font)              <14.4> on input line 29.
LaTeX Font Info:    External font `cmex10' loaded for size
(Font)              <7> on input line 29.

[1

{/usr/local/texlive/2013/texmf-var/fonts/map/pdftex/updmap/pdftex.map}]
(./DetailedDesign.toc
LaTeX Font Info:    External font `cmex10' loaded for size
(Font)              <12> on input line 2.
LaTeX Font Info:    External font `cmex10' loaded for size
(Font)              <8> on input line 2.
LaTeX Font Info:    External font `cmex10' loaded for size
(Font)              <6> on input line 2.
 [1])
\tf@toc=\write3
\openout3 = `DetailedDesign.toc'.

 (./DetailedDesign.lof)
\tf@lof=\write4
\openout4 = `DetailedDesign.lof'.

 (./DetailedDesign.lot)
\tf@lot=\write5
\openout5 = `DetailedDesign.lot'.


[2] [3] <Images/camera.png, id=18, 653.44125pt x 130.4875pt>
File: Images/camera.png Graphic file (type png)

<use Images/camera.png>
Package pdftex.def Info: Images/camera.png used on input line 77.
(pdftex.def)             Requested size: 326.71982pt x 65.24358pt.

Overfull \hbox (54.41553pt too wide) in paragraph at lines 77--78
[][] 
 []

<Images/stripe.png, id=19, 626.34pt x 298.11375pt>
File: Images/stripe.png Graphic file (type png)
 <use Images/stripe.png>
Package pdftex.def Info: Images/stripe.png used on input line 82.
(pdftex.def)             Requested size: 313.16922pt x 149.0565pt.

Overfull \hbox (54.43352pt too wide) in paragraph at lines 82--83
[][] 
 []

[4 <./Images/camera.png>]
<Images/parser.png, id=23, 392.46625pt x 233.87375pt>
File: Images/parser.png Graphic file (type png)
 <use Images/parser.png>
Package pdftex.def Info: Images/parser.png used on input line 90.
(pdftex.def)             Requested size: 196.23264pt x 116.93657pt.

Overfull \hbox (54.44337pt too wide) in paragraph at lines 90--91
[][] 
 []

[5 <./Images/stripe.png>] [6 <./Images/parser.png>]
Missing character: There is no ‚ in font cmr12!
Missing character: There is no Ä in font cmr12!
Missing character: There is no ô in font cmr12!

<Images/createDatabase.png, id=31, 537.00626pt x 125.46875pt>
File: Images/createDatabase.png Graphic file (type png)

<use Images/createDatabase.png>
Package pdftex.def Info: Images/createDatabase.png used on input line 121.
(pdftex.def)             Requested size: 268.50247pt x 62.7342pt.

Overfull \hbox (54.41985pt too wide) in paragraph at lines 121--122
[][] 
 []

<Images/accessdatabase.png, id=32, 433.62pt x 86.3225pt>
File: Images/accessdatabase.png Graphic file (type png)

<use Images/accessdatabase.png>
Package pdftex.def Info: Images/accessdatabase.png used on input line 126.
(pdftex.def)             Requested size: 216.80946pt x 43.16113pt.

Overfull \hbox (54.46844pt too wide) in paragraph at lines 126--127
[][] 
 []

[7 <./Images/createDatabase.png> <./Images/accessdatabase.png>]
<Images/replications.png, id=36, 588.1975pt x 344.28625pt>
File: Images/replications.png Graphic file (type png)

<use Images/replications.png>
Package pdftex.def Info: Images/replications.png used on input line 131.
(pdftex.def)             Requested size: 294.09802pt x 172.1427pt.

Overfull \hbox (54.42056pt too wide) in paragraph at lines 131--132
[][] 
 []

Missing character: There is no ‚ in font cmr12!
Missing character: There is no Ä in font cmr12!
Missing character: There is no ú in font cmr12!
Missing character: There is no ‚ in font cmr12!
Missing character: There is no Ä in font cmr12!
Missing character: There is no ù in font cmr12!
Missing character: There is no ‚ in font cmr12!
Missing character: There is no Ä in font cmr12!
Missing character: There is no ô in font cmr12!
<Images/jsonCouchbase.png, id=37, 582.175pt x 344.28625pt>
File: Images/jsonCouchbase.png Graphic file (type png)

<use Images/jsonCouchbase.png>
Package pdftex.def Info: Images/jsonCouchbase.png used on input line 137.
(pdftex.def)             Requested size: 291.08679pt x 172.1427pt.

Overfull \hbox (54.44788pt too wide) in paragraph at lines 137--138
[][] 
 []

[8 <./Images/replications.png>]
<Images/error.png, id=41, 580.1675pt x 173.64874pt>
File: Images/error.png Graphic file (type png)
 <use Images/error.png>
Package pdftex.def Info: Images/error.png used on input line 143.
(pdftex.def)             Requested size: 290.08302pt x 86.82416pt.

Overfull \hbox (54.44557pt too wide) in paragraph at lines 143--144
[][] 
 []

[9 <./Images/jsonCouchbase.png>]
LaTeX Font Info:    Try loading font information for OMS+cmr on input line 155.


(/usr/local/texlive/2013/texmf-dist/tex/latex/base/omscmr.fd
File: omscmr.fd 1999/05/25 v2.5h Standard LaTeX font definitions
)
LaTeX Font Info:    Font shape `OMS/cmr/m/n' in size <12> not available
(Font)              Font shape `OMS/cmsy/m/n' tried instead on input line 155.

<Images/JSONdata.png, id=45, 381.425pt x 517.935pt>
File: Images/JSONdata.png Graphic file (type png)
 <use Images/JSONdata.png>
Package pdftex.def Info: Images/JSONdata.png used on input line 164.
(pdftex.def)             Requested size: 190.71202pt x 258.96686pt.

[10 <./Images/error.png>]
Overfull \hbox (54.46867pt too wide) in paragraph at lines 164--165
[][] 
 []

[11]
Overfull \vbox (31.10904pt too high) has occurred while \output is active []


[12 <./Images/JSONdata.png>]
<Images/MenuCategories.png, id=57, 338.26375pt x 556.0775pt>
File: Images/MenuCategories.png Graphic file (type png)

<use Images/MenuCategories.png>
Package pdftex.def Info: Images/MenuCategories.png used on input line 175.
(pdftex.def)             Requested size: 169.13145pt x 278.03807pt.

<Images/CategoryItems.png, id=59, 283.0575pt x 501.875pt>
File: Images/CategoryItems.png Graphic file (type png)

<use Images/CategoryItems.png>
Package pdftex.def Info: Images/CategoryItems.png used on input line 182.
(pdftex.def)             Requested size: 141.5284pt x 250.93687pt.
 [13 <./Images/MenuCategories.png>]
<Images/OrderSummary.png, id=64, 456.70625pt x 798.985pt>
File: Images/OrderSummary.png Graphic file (type png)

<use Images/OrderSummary.png>
Package pdftex.def Info: Images/OrderSummary.png used on input line 189.
(pdftex.def)             Requested size: 228.35255pt x 399.49152pt.
 [14 <./Images/CategoryItems.png>]
<Images/UIProcess.png, id=69, 774.895pt x 370.38374pt>
File: Images/UIProcess.png Graphic file (type png)

<use Images/UIProcess.png>
Package pdftex.def Info: Images/UIProcess.png used on input line 196.
(pdftex.def)             Requested size: 387.44655pt x 185.1914pt.

Overfull \hbox (139.78426pt too wide) in paragraph at lines 196--197
[][] 
 []

[15 <./Images/OrderSummary.png>]
Missing character: There is no ‚ in font cmr12!
Missing character: There is no Ä in font cmr12!
Missing character: There is no ô in font cmr12!

Overfull \hbox (73.54208pt too wide) in paragraph at lines 206--217
 [] 
 []

[16 <./Images/UIProcess.png>]
Missing character: There is no ‚ in font cmr12!
Missing character: There is no Ä in font cmr12!
Missing character: There is no ú in font cmr12!
Missing character: There is no ‚ in font cmr12!
Missing character: There is no Ä in font cmr12!
Missing character: There is no ù in font cmr12!

Overfull \hbox (66.1191pt too wide) in paragraph at lines 225--232
 [] 
 []


Overfull \hbox (66.1191pt too wide) in paragraph at lines 238--245
 [] 
 []


Overfull \hbox (66.1191pt too wide) in paragraph at lines 251--258
 [] 
 []

[17]
Overfull \hbox (67.66714pt too wide) in paragraph at lines 265--274
 [] 
 []


Overfull \hbox (66.1191pt too wide) in paragraph at lines 279--287
 [] 
 []


Underfull \hbox (badness 6893) in paragraph at lines 296--296
[]\OT1/cmr/m/n/12 Toaster dis-played read-ing "in-valid
 []


Underfull \hbox (badness 4013) in paragraph at lines 297--298
[]\OT1/cmr/m/n/12 Application tran-si-tions to pre-vi-ous
 []


Overfull \hbox (67.2141pt too wide) in paragraph at lines 292--300
 [] 
 []

[18] (./DetailedDesign.aux) ) 
Here is how much of TeX's memory you used:
 3153 strings out of 493315
 48506 string characters out of 6137904
 107978 words of memory out of 5000000
 6573 multiletter control sequences out of 15000+600000
 8808 words of font info for 31 fonts, out of 8000000 for 9000
 957 hyphenation exceptions out of 8191
 37i,8n,38p,796b,276s stack positions out of 5000i,500n,10000p,200000b,80000s
</usr/local/texlive/2013/texmf-dist/fonts/type1/pu
blic/amsfonts/cm/cmbx12.pfb></usr/local/texlive/2013/texmf-dist/fonts/type1/pub
lic/amsfonts/cm/cmr12.pfb></usr/local/texlive/2013/texmf-dist/fonts/type1/publi
c/amsfonts/cm/cmr17.pfb></usr/local/texlive/2013/texmf-dist/fonts/type1/public/
amsfonts/cm/cmsy10.pfb>
Output written on DetailedDesign.pdf (19 pages, 820734 bytes).
PDF statistics:
 98 PDF objects out of 1000 (max. 8388607)
 57 compressed objects within 1 object stream
 0 named destinations out of 1000 (max. 500000)
 66 words of extra memory for PDF output out of 10000 (max. 10000000)

