This is pdfTeX, Version 3.14159265-2.6-1.40.16 (MiKTeX 2.9 64-bit) (preloaded format=pdflatex 2015.10.29)  11 JAN 2016 02:08
entering extended mode
**DetailedDesign.tex
(DetailedDesign.tex
LaTeX2e <2015/01/01> patch level 2
Babel <3.9m> and hyphenation patterns for 69 languages loaded.
("C:\Program Files\LaTeX\tex\latex\base\article.cls"
Document Class: article 2014/09/29 v1.4h Standard LaTeX document class
("C:\Program Files\LaTeX\tex\latex\base\size12.clo"
File: size12.clo 2014/09/29 v1.4h Standard LaTeX file (size option)
)
\c@part=\count79
\c@section=\count80
\c@subsection=\count81
\c@subsubsection=\count82
\c@paragraph=\count83
\c@subparagraph=\count84
\c@figure=\count85
\c@table=\count86
\abovecaptionskip=\skip41
\belowcaptionskip=\skip42
\bibindent=\dimen102
)
("C:\Program Files\LaTeX\tex\latex\xcolor\xcolor.sty"
Package: xcolor 2007/01/21 v2.11 LaTeX color extensions (UK)

("C:\Program Files\LaTeX\tex\latex\00miktex\color.cfg"
File: color.cfg 2007/01/18 v1.5 color configuration of teTeX/TeXLive
)
Package xcolor Info: Driver file: pdftex.def on input line 225.

("C:\Program Files\LaTeX\tex\latex\pdftex-def\pdftex.def"
File: pdftex.def 2011/05/27 v0.06d Graphics/color for pdfTeX

("C:\Program Files\LaTeX\tex\generic\oberdiek\infwarerr.sty"
Package: infwarerr 2010/04/08 v1.3 Providing info/warning/error messages (HO)
)
("C:\Program Files\LaTeX\tex\generic\oberdiek\ltxcmds.sty"
Package: ltxcmds 2011/11/09 v1.22 LaTeX kernel commands for general use (HO)
)
\Gread@gobject=\count87
)
Package xcolor Info: Model `cmy' substituted by `cmy0' on input line 1337.
Package xcolor Info: Model `hsb' substituted by `rgb' on input line 1341.
Package xcolor Info: Model `RGB' extended on input line 1353.
Package xcolor Info: Model `HTML' substituted by `rgb' on input line 1355.
Package xcolor Info: Model `Hsb' substituted by `hsb' on input line 1356.
Package xcolor Info: Model `tHsb' substituted by `hsb' on input line 1357.
Package xcolor Info: Model `HSB' substituted by `hsb' on input line 1358.
Package xcolor Info: Model `Gray' substituted by `gray' on input line 1359.
Package xcolor Info: Model `wave' substituted by `hsb' on input line 1360.
)
("C:\Program Files\LaTeX\tex\latex\float\float.sty"
Package: float 2001/11/08 v1.3d Float enhancements (AL)
\c@float@type=\count88
\float@exts=\toks14
\float@box=\box26
\@float@everytoks=\toks15
\@floatcapt=\box27
)
("C:\Program Files\LaTeX\tex\latex\caption\caption.sty"
Package: caption 2015/09/17 v3.3-111 Customizing captions (AR)

("C:\Program Files\LaTeX\tex\latex\caption\caption3.sty"
Package: caption3 2015/09/20 v1.7-115 caption3 kernel (AR)
Package caption3 Info: TeX engine: e-TeX on input line 57.

("C:\Program Files\LaTeX\tex\latex\graphics\keyval.sty"
Package: keyval 2014/10/28 v1.15 key=value parser (DPC)
\KV@toks@=\toks16
)
\captionmargin=\dimen103
\captionmargin@=\dimen104
\captionwidth=\dimen105
\caption@tempdima=\dimen106
\caption@indent=\dimen107
\caption@parindent=\dimen108
\caption@hangindent=\dimen109
)
\c@ContinuedFloat=\count89
Package caption Info: float package is loaded.
)
("C:\Program Files\LaTeX\tex\latex\graphics\graphicx.sty"
Package: graphicx 2014/10/28 v1.0g Enhanced LaTeX Graphics (DPC,SPQR)

("C:\Program Files\LaTeX\tex\latex\graphics\graphics.sty"
Package: graphics 2014/10/28 v1.0p Standard LaTeX Graphics (DPC,SPQR)

("C:\Program Files\LaTeX\tex\latex\graphics\trig.sty"
Package: trig 1999/03/16 v1.09 sin cos tan (DPC)
)
("C:\Program Files\LaTeX\tex\latex\00miktex\graphics.cfg"
File: graphics.cfg 2007/01/18 v1.5 graphics configuration of teTeX/TeXLive
)
Package graphics Info: Driver file: pdftex.def on input line 94.
)
\Gin@req@height=\dimen110
\Gin@req@width=\dimen111
)
(DetailedDesign.aux)
LaTeX Font Info:    Checking defaults for OML/cmm/m/it on input line 24.
LaTeX Font Info:    ... okay on input line 24.
LaTeX Font Info:    Checking defaults for T1/cmr/m/n on input line 24.
LaTeX Font Info:    ... okay on input line 24.
LaTeX Font Info:    Checking defaults for OT1/cmr/m/n on input line 24.
LaTeX Font Info:    ... okay on input line 24.
LaTeX Font Info:    Checking defaults for OMS/cmsy/m/n on input line 24.
LaTeX Font Info:    ... okay on input line 24.
LaTeX Font Info:    Checking defaults for OMX/cmex/m/n on input line 24.
LaTeX Font Info:    ... okay on input line 24.
LaTeX Font Info:    Checking defaults for U/cmr/m/n on input line 24.
LaTeX Font Info:    ... okay on input line 24.
 ("C:\Program Files\LaTeX\tex\context\base\supp-pdf.mkii"
[Loading MPS to PDF converter (version 2006.09.02).]
\scratchcounter=\count90
\scratchdimen=\dimen112
\scratchbox=\box28
\nofMPsegments=\count91
\nofMParguments=\count92
\everyMPshowfont=\toks17
\MPscratchCnt=\count93
\MPscratchDim=\dimen113
\MPnumerator=\count94
\makeMPintoPDFobject=\count95
\everyMPtoPDFconversion=\toks18
)
Package caption Info: Begin \AtBeginDocument code.
Package caption Info: End \AtBeginDocument code.
LaTeX Font Info:    External font `cmex10' loaded for size
(Font)              <14.4> on input line 29.
LaTeX Font Info:    External font `cmex10' loaded for size
(Font)              <7> on input line 29.
 [1

{C:/Users/Shan/AppData/Local/MiKTeX/2.9/pdftex/config/pdftex.map}]
(DetailedDesign.toc
LaTeX Font Info:    External font `cmex10' loaded for size
(Font)              <12> on input line 2.
LaTeX Font Info:    External font `cmex10' loaded for size
(Font)              <8> on input line 2.
LaTeX Font Info:    External font `cmex10' loaded for size
(Font)              <6> on input line 2.
)
\tf@toc=\write3
 (DetailedDesign.lof)
\tf@lof=\write4
 (DetailedDesign.lot)
\tf@lot=\write5
 [1] [2]
Overfull \hbox (10.26541pt too wide) in paragraph at lines 64--67
\OT1/cmr/m/n/12 CouchbaseLite (Database) ZX-ing Em-bed-ded (QR Code Scan-ner) S
tripe (Credit
 []

[3]
Overfull \hbox (9.84863pt too wide) in paragraph at lines 73--78
\OT1/cmr/m/n/12 con-tents = parseAc-tiv-i-ty-Func-tion (re-quest-Code, re-sult-
Code, in-tent) if(contents
 []


Overfull \hbox (13.2125pt too wide) in paragraph at lines 87--92
[]\OT1/cmr/m/n/12 try chargeParams(amount, in-te-ger amount in cents) chargePar
ams(currency,
 []


Overfull \hbox (56.42593pt too wide) in paragraph at lines 87--92
\OT1/cmr/m/n/12 string value of type of cur-rency) chargeParams(source, to-ken)
 chargeParams(description,
 []

[4]

LaTeX Warning: File `MenuCategories.png' not found on input line 128.


! Package pdftex.def Error: File `MenuCategories.png' not found.

See the pdftex.def package documentation for explanation.
Type  H <return>  for immediate help.
 ...                                              
                                                  
l.128 ...width=80mm,scale=0.5]{MenuCategories.png}
                                                  
Using draft setting for this image.
Try typing  <return>  to proceed.
If that doesn't work, type  X <return>  to quit.

[5]

LaTeX Warning: File `CategoryItems.png' not found on input line 131.


! Package pdftex.def Error: File `CategoryItems.png' not found.

See the pdftex.def package documentation for explanation.
Type  H <return>  for immediate help.
 ...                                              
                                                  
l.131 ...[width=80mm,scale=0.5]{CategoryItems.png}
                                                  
Using draft setting for this image.
Try typing  <return>  to proceed.
If that doesn't work, type  X <return>  to quit.

[6]

LaTeX Warning: File `OrderSummary.png' not found on input line 134.


! Package pdftex.def Error: File `OrderSummary.png' not found.

See the pdftex.def package documentation for explanation.
Type  H <return>  for immediate help.
 ...                                              
                                                  
l.134 ...s[width=80mm,scale=0.5]{OrderSummary.png}
                                                  
Using draft setting for this image.
Try typing  <return>  to proceed.
If that doesn't work, type  X <return>  to quit.


LaTeX Warning: File `UIProcess.png' not found on input line 138.


! Package pdftex.def Error: File `UIProcess.png' not found.

See the pdftex.def package documentation for explanation.
Type  H <return>  for immediate help.
 ...                                              
                                                  
l.138 ...ics[width=180mm,scale=0.5]{UIProcess.png}
                                                  
Using draft setting for this image.
Try typing  <return>  to proceed.
If that doesn't work, type  X <return>  to quit.


Overfull \hbox (122.29085pt too wide) in paragraph at lines 138--139
[] 
 []

[7]
Overfull \hbox (73.54208pt too wide) in paragraph at lines 144--155
 [] 
 []

[8]
Overfull \hbox (66.1191pt too wide) in paragraph at lines 160--167
 [] 
 []


Overfull \hbox (66.1191pt too wide) in paragraph at lines 171--178
 [] 
 []


Overfull \hbox (66.1191pt too wide) in paragraph at lines 182--189
 [] 
 []


Overfull \hbox (67.66714pt too wide) in paragraph at lines 194--203
 [] 
 []

[9]
Overfull \hbox (66.1191pt too wide) in paragraph at lines 207--215
 [] 
 []


Underfull \hbox (badness 6893) in paragraph at lines 224--224
[]\OT1/cmr/m/n/12 Toaster dis-played read-ing "in-valid
 []


Underfull \hbox (badness 4013) in paragraph at lines 225--226
[]\OT1/cmr/m/n/12 Application tran-si-tions to pre-vi-ous
 []


Overfull \hbox (67.2141pt too wide) in paragraph at lines 220--228
 [] 
 []

[10] (DetailedDesign.aux) ) 
Here is how much of TeX's memory you used:
 2722 strings out of 493673
 39708 string characters out of 3145987
 108377 words of memory out of 3000000
 6081 multiletter control sequences out of 15000+200000
 8977 words of font info for 32 fonts, out of 3000000 for 9000
 1025 hyphenation exceptions out of 8191
 36i,8n,38p,653b,191s stack positions out of 5000i,500n,10000p,200000b,50000s
<C:/Program Files/LaTeX/fonts/type1/public/amsfonts/
cm/cmbx12.pfb><C:/Program Files/LaTeX/fonts/type1/public/amsfonts/cm/cmr12.pfb>
<C:/Program Files/LaTeX/fonts/type1/public/amsfonts/cm/cmr17.pfb><C:/Program Fi
les/LaTeX/fonts/type1/public/amsfonts/cm/cmtt12.pfb>
Output written on DetailedDesign.pdf (11 pages, 68908 bytes).
PDF statistics:
 54 PDF objects out of 1000 (max. 8388607)
 0 named destinations out of 1000 (max. 500000)
 1 words of extra memory for PDF output out of 10000 (max. 10000000)

