\BOOKMARK [1][-]{section.1}{Introduction}{}% 1
\BOOKMARK [2][-]{subsection.1.1}{What is Smart-Waiter?}{section.1}% 2
\BOOKMARK [2][-]{subsection.1.2}{Objectives of User Manual}{section.1}% 3
\BOOKMARK [2][-]{subsection.1.3}{System Requirements}{section.1}% 4
\BOOKMARK [2][-]{subsection.1.4}{Installation Instructions}{section.1}% 5
\BOOKMARK [1][-]{section.2}{Account Setup}{}% 6
\BOOKMARK [2][-]{subsection.2.1}{Creating an Account}{section.2}% 7
\BOOKMARK [1][-]{section.3}{View Restaurant Menu}{}% 8
\BOOKMARK [2][-]{subsection.3.1}{Scanning Barcode}{section.3}% 9
\BOOKMARK [2][-]{subsection.3.2}{Menu Layout}{section.3}% 10
\BOOKMARK [3][-]{subsubsection.3.2.1}{Menu Categories}{subsection.3.2}% 11
\BOOKMARK [3][-]{subsubsection.3.2.2}{Menu Items}{subsection.3.2}% 12
\BOOKMARK [3][-]{subsubsection.3.2.3}{Customize Item}{subsection.3.2}% 13
\BOOKMARK [3][-]{subsubsection.3.2.4}{Menu Cart}{subsection.3.2}% 14
\BOOKMARK [1][-]{section.4}{Placing an Order}{}% 15
\BOOKMARK [2][-]{subsection.4.1}{Adding Item to Cart}{section.4}% 16
\BOOKMARK [2][-]{subsection.4.2}{Order Confirmation}{section.4}% 17
\BOOKMARK [2][-]{subsection.4.3}{Paying for an Order}{section.4}% 18
\BOOKMARK [2][-]{subsection.4.4}{Submitting an Order}{section.4}% 19
\BOOKMARK [1][-]{section.5}{Troubleshooting}{}% 20
\BOOKMARK [2][-]{subsection.5.1}{Generic Troubleshooting}{section.5}% 21
\BOOKMARK [2][-]{subsection.5.2}{Bug Reporting}{section.5}% 22
\BOOKMARK [2][-]{subsection.5.3}{Frequently Asked Questions}{section.5}% 23
