This is pdfTeX, Version 3.1415926-2.5-1.40.14 (TeX Live 2013) (format=pdflatex 2013.5.30)  23 APR 2016 22:22
entering extended mode
 restricted \write18 enabled.
 %&-line parsing enabled.
**SmartWaiterReq.tex
(./SmartWaiterReq.tex
LaTeX2e <2011/06/27>
Babel <3.9f> and hyphenation patterns for 78 languages loaded.
(/usr/local/texlive/2013/texmf-dist/tex/latex/base/article.cls
Document Class: article 2007/10/19 v1.4h Standard LaTeX document class
(/usr/local/texlive/2013/texmf-dist/tex/latex/base/size12.clo
File: size12.clo 2007/10/19 v1.4h Standard LaTeX file (size option)
)
\c@part=\count79
\c@section=\count80
\c@subsection=\count81
\c@subsubsection=\count82
\c@paragraph=\count83
\c@subparagraph=\count84
\c@figure=\count85
\c@table=\count86
\abovecaptionskip=\skip41
\belowcaptionskip=\skip42
\bibindent=\dimen102
)
(/usr/local/texlive/2013/texmf-dist/tex/latex/xcolor/xcolor.sty
Package: xcolor 2007/01/21 v2.11 LaTeX color extensions (UK)

(/usr/local/texlive/2013/texmf-dist/tex/latex/latexconfig/color.cfg
File: color.cfg 2007/01/18 v1.5 color configuration of teTeX/TeXLive
)
Package xcolor Info: Driver file: pdftex.def on input line 225.

(/usr/local/texlive/2013/texmf-dist/tex/latex/pdftex-def/pdftex.def
File: pdftex.def 2011/05/27 v0.06d Graphics/color for pdfTeX

(/usr/local/texlive/2013/texmf-dist/tex/generic/oberdiek/infwarerr.sty
Package: infwarerr 2010/04/08 v1.3 Providing info/warning/error messages (HO)
)
(/usr/local/texlive/2013/texmf-dist/tex/generic/oberdiek/ltxcmds.sty
Package: ltxcmds 2011/11/09 v1.22 LaTeX kernel commands for general use (HO)
)
\Gread@gobject=\count87
)
Package xcolor Info: Model `cmy' substituted by `cmy0' on input line 1337.
Package xcolor Info: Model `hsb' substituted by `rgb' on input line 1341.
Package xcolor Info: Model `RGB' extended on input line 1353.
Package xcolor Info: Model `HTML' substituted by `rgb' on input line 1355.
Package xcolor Info: Model `Hsb' substituted by `hsb' on input line 1356.
Package xcolor Info: Model `tHsb' substituted by `hsb' on input line 1357.
Package xcolor Info: Model `HSB' substituted by `hsb' on input line 1358.
Package xcolor Info: Model `Gray' substituted by `gray' on input line 1359.
Package xcolor Info: Model `wave' substituted by `hsb' on input line 1360.
)
(/usr/local/texlive/2013/texmf-dist/tex/latex/float/float.sty
Package: float 2001/11/08 v1.3d Float enhancements (AL)
\c@float@type=\count88
\float@exts=\toks14
\float@box=\box26
\@float@everytoks=\toks15
\@floatcapt=\box27
)
(/usr/local/texlive/2013/texmf-dist/tex/latex/caption/caption.sty
Package: caption 2013/05/02 v3.3-89 Customizing captions (AR)

(/usr/local/texlive/2013/texmf-dist/tex/latex/caption/caption3.sty
Package: caption3 2013/05/02 v1.6-88 caption3 kernel (AR)
Package caption3 Info: TeX engine: e-TeX on input line 57.

(/usr/local/texlive/2013/texmf-dist/tex/latex/graphics/keyval.sty
Package: keyval 1999/03/16 v1.13 key=value parser (DPC)
\KV@toks@=\toks16
)
\captionmargin=\dimen103
\captionmargin@=\dimen104
\captionwidth=\dimen105
\caption@tempdima=\dimen106
\caption@indent=\dimen107
\caption@parindent=\dimen108
\caption@hangindent=\dimen109
)
\c@ContinuedFloat=\count89
Package caption Info: float package is loaded.
)
(/usr/local/texlive/2013/texmf-dist/tex/latex/graphics/graphicx.sty
Package: graphicx 1999/02/16 v1.0f Enhanced LaTeX Graphics (DPC,SPQR)

(/usr/local/texlive/2013/texmf-dist/tex/latex/graphics/graphics.sty
Package: graphics 2009/02/05 v1.0o Standard LaTeX Graphics (DPC,SPQR)

(/usr/local/texlive/2013/texmf-dist/tex/latex/graphics/trig.sty
Package: trig 1999/03/16 v1.09 sin cos tan (DPC)
)
(/usr/local/texlive/2013/texmf-dist/tex/latex/latexconfig/graphics.cfg
File: graphics.cfg 2010/04/23 v1.9 graphics configuration of TeX Live
)
Package graphics Info: Driver file: pdftex.def on input line 91.
)
\Gin@req@height=\dimen110
\Gin@req@width=\dimen111
)
(./SmartWaiterReq.aux)
\openout1 = `SmartWaiterReq.aux'.

LaTeX Font Info:    Checking defaults for OML/cmm/m/it on input line 24.
LaTeX Font Info:    ... okay on input line 24.
LaTeX Font Info:    Checking defaults for T1/cmr/m/n on input line 24.
LaTeX Font Info:    ... okay on input line 24.
LaTeX Font Info:    Checking defaults for OT1/cmr/m/n on input line 24.
LaTeX Font Info:    ... okay on input line 24.
LaTeX Font Info:    Checking defaults for OMS/cmsy/m/n on input line 24.
LaTeX Font Info:    ... okay on input line 24.
LaTeX Font Info:    Checking defaults for OMX/cmex/m/n on input line 24.
LaTeX Font Info:    ... okay on input line 24.
LaTeX Font Info:    Checking defaults for U/cmr/m/n on input line 24.
LaTeX Font Info:    ... okay on input line 24.

(/usr/local/texlive/2013/texmf-dist/tex/context/base/supp-pdf.mkii
[Loading MPS to PDF converter (version 2006.09.02).]
\scratchcounter=\count90
\scratchdimen=\dimen112
\scratchbox=\box28
\nofMPsegments=\count91
\nofMParguments=\count92
\everyMPshowfont=\toks17
\MPscratchCnt=\count93
\MPscratchDim=\dimen113
\MPnumerator=\count94
\makeMPintoPDFobject=\count95
\everyMPtoPDFconversion=\toks18
)
Package caption Info: Begin \AtBeginDocument code.
Package caption Info: End \AtBeginDocument code.
 (/usr/local/texlive/2013/texmf-dist/tex/generic/oberdiek/pdftexcmds.sty
Package: pdftexcmds 2011/11/29 v0.20 Utility functions of pdfTeX for LuaTeX (HO
)

(/usr/local/texlive/2013/texmf-dist/tex/generic/oberdiek/ifluatex.sty
Package: ifluatex 2010/03/01 v1.3 Provides the ifluatex switch (HO)
Package ifluatex Info: LuaTeX not detected.
)
(/usr/local/texlive/2013/texmf-dist/tex/generic/oberdiek/ifpdf.sty
Package: ifpdf 2011/01/30 v2.3 Provides the ifpdf switch (HO)
Package ifpdf Info: pdfTeX in PDF mode is detected.
)
Package pdftexcmds Info: LuaTeX not detected.
Package pdftexcmds Info: \pdf@primitive is available.
Package pdftexcmds Info: \pdf@ifprimitive is available.
Package pdftexcmds Info: \pdfdraftmode found.
)
(/usr/local/texlive/2013/texmf-dist/tex/latex/oberdiek/epstopdf-base.sty
Package: epstopdf-base 2010/02/09 v2.5 Base part for package epstopdf

(/usr/local/texlive/2013/texmf-dist/tex/latex/oberdiek/grfext.sty
Package: grfext 2010/08/19 v1.1 Manage graphics extensions (HO)

(/usr/local/texlive/2013/texmf-dist/tex/generic/oberdiek/kvdefinekeys.sty
Package: kvdefinekeys 2011/04/07 v1.3 Define keys (HO)
))
(/usr/local/texlive/2013/texmf-dist/tex/latex/oberdiek/kvoptions.sty
Package: kvoptions 2011/06/30 v3.11 Key value format for package options (HO)

(/usr/local/texlive/2013/texmf-dist/tex/generic/oberdiek/kvsetkeys.sty
Package: kvsetkeys 2012/04/25 v1.16 Key value parser (HO)

(/usr/local/texlive/2013/texmf-dist/tex/generic/oberdiek/etexcmds.sty
Package: etexcmds 2011/02/16 v1.5 Avoid name clashes with e-TeX commands (HO)
Package etexcmds Info: Could not find \expanded.
(etexcmds)             That can mean that you are not using pdfTeX 1.50 or
(etexcmds)             that some package has redefined \expanded.
(etexcmds)             In the latter case, load this package earlier.
)))
Package grfext Info: Graphics extension search list:
(grfext)             [.png,.pdf,.jpg,.mps,.jpeg,.jbig2,.jb2,.PNG,.PDF,.JPG,.JPE
G,.JBIG2,.JB2,.eps]
(grfext)             \AppendGraphicsExtensions on input line 452.

(/usr/local/texlive/2013/texmf-dist/tex/latex/latexconfig/epstopdf-sys.cfg
File: epstopdf-sys.cfg 2010/07/13 v1.3 Configuration of (r)epstopdf for TeX Liv
e
))
LaTeX Font Info:    External font `cmex10' loaded for size
(Font)              <14.4> on input line 29.
LaTeX Font Info:    External font `cmex10' loaded for size
(Font)              <7> on input line 29.

[1

{/usr/local/texlive/2013/texmf-var/fonts/map/pdftex/updmap/pdftex.map}]
(./SmartWaiterReq.toc
LaTeX Font Info:    External font `cmex10' loaded for size
(Font)              <12> on input line 3.
LaTeX Font Info:    External font `cmex10' loaded for size
(Font)              <8> on input line 3.
LaTeX Font Info:    External font `cmex10' loaded for size
(Font)              <6> on input line 3.
 [1] [2])
\tf@toc=\write3
\openout3 = `SmartWaiterReq.toc'.

 (./SmartWaiterReq.lof)
\tf@lof=\write4
\openout4 = `SmartWaiterReq.lof'.

 (./SmartWaiterReq.lot)
\tf@lot=\write5
\openout5 = `SmartWaiterReq.lot'.


[3] [4]
LaTeX Font Info:    Try loading font information for OMS+cmr on input line 55.
 (/usr/local/texlive/2013/texmf-dist/tex/latex/base/omscmr.fd
File: omscmr.fd 1999/05/25 v2.5h Standard LaTeX font definitions
)
LaTeX Font Info:    Font shape `OMS/cmr/m/n' in size <12> not available
(Font)              Font shape `OMS/cmsy/m/n' tried instead on input line 55.

Underfull \hbox (badness 10000) in paragraph at lines 70--73

 []


Underfull \hbox (badness 10000) in paragraph at lines 70--73

 []


Underfull \hbox (badness 10000) in paragraph at lines 74--77

 []


Underfull \hbox (badness 10000) in paragraph at lines 74--77

 []

[5]
Missing character: There is no Ä in font cmr12!
Missing character: There is no ì in font cmr12!

Underfull \hbox (badness 10000) in paragraph at lines 90--101

 []


Underfull \hbox (badness 10000) in paragraph at lines 90--101

 []


Underfull \hbox (badness 10000) in paragraph at lines 90--101

 []


Underfull \hbox (badness 10000) in paragraph at lines 90--101

 []

[6]
Underfull \hbox (badness 10000) in paragraph at lines 107--118

 []


Underfull \hbox (badness 10000) in paragraph at lines 107--118

 []


Underfull \hbox (badness 10000) in paragraph at lines 107--118

 []


Underfull \hbox (badness 10000) in paragraph at lines 107--118

 []


Underfull \hbox (badness 10000) in paragraph at lines 125--135

 []


Underfull \hbox (badness 10000) in paragraph at lines 125--135

 []


Underfull \hbox (badness 10000) in paragraph at lines 125--135

 []


Underfull \hbox (badness 10000) in paragraph at lines 125--135

 []

[7]
Underfull \hbox (badness 10000) in paragraph at lines 146--152

 []


Underfull \hbox (badness 10000) in paragraph at lines 146--152

 []

Missing character: There is no ‚ in font cmr12!
Missing character: There is no Ä in font cmr12!
Missing character: There is no ú in font cmr12!
Missing character: There is no ‚ in font cmr12!
Missing character: There is no Ä in font cmr12!
Missing character: There is no ù in font cmr12!

Underfull \hbox (badness 10000) in paragraph at lines 154--165

 []


Underfull \hbox (badness 10000) in paragraph at lines 154--165

 []


Underfull \hbox (badness 10000) in paragraph at lines 154--165

 []


Underfull \hbox (badness 10000) in paragraph at lines 154--165

 []

[8]
Missing character: There is no ‚ in font cmr12!
Missing character: There is no Ä in font cmr12!
Missing character: There is no ô in font cmr12!
Missing character: There is no ‚ in font cmr12!
Missing character: There is no Ä in font cmr12!
Missing character: There is no ô in font cmr12!
Missing character: There is no ‚ in font cmr12!
Missing character: There is no Ä in font cmr12!
Missing character: There is no ô in font cmr12!

Underfull \hbox (badness 10000) in paragraph at lines 173--181

 []


Underfull \hbox (badness 10000) in paragraph at lines 173--181

 []


Underfull \hbox (badness 10000) in paragraph at lines 173--181

 []


Underfull \hbox (badness 10000) in paragraph at lines 173--181

 []

[9]
Missing character: There is no ‚ in font cmr12!
Missing character: There is no Ä in font cmr12!
Missing character: There is no ô in font cmr12!
Missing character: There is no ‚ in font cmr12!
Missing character: There is no Ä in font cmr12!
Missing character: There is no ô in font cmr12!

Underfull \hbox (badness 10000) in paragraph at lines 182--190

 []


Underfull \hbox (badness 10000) in paragraph at lines 182--190

 []


Underfull \hbox (badness 10000) in paragraph at lines 182--190

 []


Underfull \hbox (badness 10000) in paragraph at lines 182--190

 []


Underfull \hbox (badness 10000) in paragraph at lines 191--199

 []


Underfull \hbox (badness 10000) in paragraph at lines 191--199

 []


Underfull \hbox (badness 10000) in paragraph at lines 191--199

 []


Underfull \hbox (badness 10000) in paragraph at lines 191--199

 []


Underfull \hbox (badness 10000) in paragraph at lines 201--209

 []


Underfull \hbox (badness 10000) in paragraph at lines 201--209

 []


Underfull \hbox (badness 10000) in paragraph at lines 201--209

 []


Underfull \hbox (badness 10000) in paragraph at lines 201--209

 []

[10]
Underfull \hbox (badness 10000) in paragraph at lines 210--219

 []


Underfull \hbox (badness 10000) in paragraph at lines 210--219

 []


Underfull \hbox (badness 10000) in paragraph at lines 210--219

 []


Underfull \hbox (badness 10000) in paragraph at lines 227--229

 []


Underfull \hbox (badness 10000) in paragraph at lines 227--229

 []

[11]
Missing character: There is no ‚ in font cmr12!
Missing character: There is no Ä in font cmr12!
Missing character: There is no ì in font cmr12!
Missing character: There is no ‚ in font cmr12!
Missing character: There is no Ä in font cmr12!
Missing character: There is no ì in font cmr12!
Missing character: There is no ‚ in font cmr12!
Missing character: There is no Ä in font cmr12!
Missing character: There is no ô in font cmr12!

Underfull \hbox (badness 10000) in paragraph at lines 247--251

 []


Underfull \hbox (badness 10000) in paragraph at lines 247--251

 []


Underfull \hbox (badness 10000) in paragraph at lines 254--259

 []

[12] <Images/Context.png, id=50, 488.82625pt x 448.67625pt>
File: Images/Context.png Graphic file (type png)

<use Images/Context.png>
Package pdftex.def Info: Images/Context.png used on input line 269.
(pdftex.def)             Requested size: 488.82504pt x 448.67516pt.

Overfull \hbox (98.82504pt too wide) in paragraph at lines 269--270
 [][] 
 []

[13]
Overfull \hbox (45.99309pt too wide) in paragraph at lines 279--299
 [][] 
 []

[14 <./Images/Context.png>]
<Images/ProductBoundary.png, id=57, 442.65375pt x 523.9575pt>
File: Images/ProductBoundary.png Graphic file (type png)

<use Images/ProductBoundary.png>
Package pdftex.def Info: Images/ProductBoundary.png used on input line 306.
(pdftex.def)             Requested size: 442.65265pt x 523.95622pt.

Overfull \hbox (52.65265pt too wide) in paragraph at lines 306--307
[][] 
 []

[15]
Overfull \vbox (55.28952pt too high) has occurred while \output is active []


[16 <./Images/ProductBoundary.png>]
<Images/PUC.png, id=64, 451.6875pt x 351.3125pt>
File: Images/PUC.png Graphic file (type png)
 <use Images/PUC.png>
Package pdftex.def Info: Images/PUC.png used on input line 313.
(pdftex.def)             Requested size: 451.68639pt x 351.31163pt.

Overfull \hbox (61.68639pt too wide) in paragraph at lines 313--314
 [][] 
 []


Underfull \hbox (badness 10000) in paragraph at lines 319--325

 []


Underfull \hbox (badness 10000) in paragraph at lines 319--325

 []

[17 <./Images/PUC.png>]
Underfull \hbox (badness 10000) in paragraph at lines 326--332

 []


Underfull \hbox (badness 10000) in paragraph at lines 326--332

 []


Underfull \hbox (badness 10000) in paragraph at lines 335--341

 []


Underfull \hbox (badness 10000) in paragraph at lines 335--341

 []


Underfull \hbox (badness 10000) in paragraph at lines 342--348

 []


Underfull \hbox (badness 10000) in paragraph at lines 342--348

 []


Underfull \hbox (badness 10000) in paragraph at lines 349--355

 []


Underfull \hbox (badness 10000) in paragraph at lines 349--355

 []

[18]
Missing character: There is no ‚ in font cmr12!
Missing character: There is no Ä in font cmr12!
Missing character: There is no ú in font cmr12!
Missing character: There is no ‚ in font cmr12!
Missing character: There is no Ä in font cmr12!
Missing character: There is no ù in font cmr12!

Underfull \hbox (badness 10000) in paragraph at lines 356--363

 []


Underfull \hbox (badness 10000) in paragraph at lines 356--363

 []


Underfull \hbox (badness 10000) in paragraph at lines 364--371

 []


Underfull \hbox (badness 10000) in paragraph at lines 364--371

 []


Underfull \hbox (badness 10000) in paragraph at lines 372--379

 []


Underfull \hbox (badness 10000) in paragraph at lines 372--379

 []


Underfull \hbox (badness 10000) in paragraph at lines 382--388

 []


Underfull \hbox (badness 10000) in paragraph at lines 382--388

 []

[19]
Underfull \hbox (badness 10000) in paragraph at lines 389--396

 []


Underfull \hbox (badness 10000) in paragraph at lines 397--403

 []


Underfull \hbox (badness 10000) in paragraph at lines 397--403

 []


Underfull \hbox (badness 10000) in paragraph at lines 404--410

 []


Underfull \hbox (badness 10000) in paragraph at lines 404--410

 []


Underfull \hbox (badness 10000) in paragraph at lines 411--417

 []


Underfull \hbox (badness 10000) in paragraph at lines 411--417

 []


Underfull \hbox (badness 10000) in paragraph at lines 418--424

 []


Underfull \hbox (badness 10000) in paragraph at lines 418--424

 []

[20] [21] [22] [23] [24]
Overfull \hbox (1.81075pt too wide) in paragraph at lines 504--505
\OT1/cmr/m/n/12 through the use of en-crypted con-nec-tion. Also, will en-sure 
restau-rant mangers
 []

[25] [26] [27] [28] (./SmartWaiterReq.aux) ) 
Here is how much of TeX's memory you used:
 3108 strings out of 493315
 47354 string characters out of 6137904
 108978 words of memory out of 5000000
 6536 multiletter control sequences out of 15000+600000
 9514 words of font info for 33 fonts, out of 8000000 for 9000
 957 hyphenation exceptions out of 8191
 37i,8n,38p,548b,325s stack positions out of 5000i,500n,10000p,200000b,80000s
</usr/local/texlive/2013/texmf-dist
/fonts/type1/public/amsfonts/cm/cmbx12.pfb></usr/local/texlive/2013/texmf-dist/
fonts/type1/public/amsfonts/cm/cmbxti10.pfb></usr/local/texlive/2013/texmf-dist
/fonts/type1/public/amsfonts/cm/cmr12.pfb></usr/local/texlive/2013/texmf-dist/f
onts/type1/public/amsfonts/cm/cmr17.pfb></usr/local/texlive/2013/texmf-dist/fon
ts/type1/public/amsfonts/cm/cmsy10.pfb></usr/local/texlive/2013/texmf-dist/font
s/type1/public/amsfonts/cm/cmti12.pfb>
Output written on SmartWaiterReq.pdf (29 pages, 255522 bytes).
PDF statistics:
 124 PDF objects out of 1000 (max. 8388607)
 83 compressed objects within 1 object stream
 0 named destinations out of 1000 (max. 500000)
 16 words of extra memory for PDF output out of 10000 (max. 10000000)

